/Library/Java/JavaVirtualMachines/jdk1.8.0_221.jdk/Contents/Home/bin/java "-javaagent:/Applications/IntelliJ IDEA.app/Contents/lib/idea_rt.jar=51029:/Applications/IntelliJ IDEA.app/Contents/bin" -Dfile.encoding=UTF-8 -classpath /Library/Java/JavaVirtualMachines/jdk1.8.0_221.jdk/Contents/Home/jre/lib/charsets.jar:/Library/Java/JavaVirtualMachines/jdk1.8.0_221.jdk/Contents/Home/jre/lib/deploy.jar:/Library/Java/JavaVirtualMachines/jdk1.8.0_221.jdk/Contents/Home/jre/lib/ext/cldrdata.jar:/Library/Java/JavaVirtualMachines/jdk1.8.0_221.jdk/Contents/Home/jre/lib/ext/dnsns.jar:/Library/Java/JavaVirtualMachines/jdk1.8.0_221.jdk/Contents/Home/jre/lib/ext/jaccess.jar:/Library/Java/JavaVirtualMachines/jdk1.8.0_221.jdk/Contents/Home/jre/lib/ext/jfxrt.jar:/Library/Java/JavaVirtualMachines/jdk1.8.0_221.jdk/Contents/Home/jre/lib/ext/localedata.jar:/Library/Java/JavaVirtualMachines/jdk1.8.0_221.jdk/Contents/Home/jre/lib/ext/nashorn.jar:/Library/Java/JavaVirtualMachines/jdk1.8.0_221.jdk/Contents/Home/jre/lib/ext/sunec.jar:/Library/Java/JavaVirtualMachines/jdk1.8.0_221.jdk/Contents/Home/jre/lib/ext/sunjce_provider.jar:/Library/Java/JavaVirtualMachines/jdk1.8.0_221.jdk/Contents/Home/jre/lib/ext/sunpkcs11.jar:/Library/Java/JavaVirtualMachines/jdk1.8.0_221.jdk/Contents/Home/jre/lib/ext/zipfs.jar:/Library/Java/JavaVirtualMachines/jdk1.8.0_221.jdk/Contents/Home/jre/lib/javaws.jar:/Library/Java/JavaVirtualMachines/jdk1.8.0_221.jdk/Contents/Home/jre/lib/jce.jar:/Library/Java/JavaVirtualMachines/jdk1.8.0_221.jdk/Contents/Home/jre/lib/jfr.jar:/Library/Java/JavaVirtualMachines/jdk1.8.0_221.jdk/Contents/Home/jre/lib/jfxswt.jar:/Library/Java/JavaVirtualMachines/jdk1.8.0_221.jdk/Contents/Home/jre/lib/jsse.jar:/Library/Java/JavaVirtualMachines/jdk1.8.0_221.jdk/Contents/Home/jre/lib/management-agent.jar:/Library/Java/JavaVirtualMachines/jdk1.8.0_221.jdk/Contents/Home/jre/lib/plugin.jar:/Library/Java/JavaVirtualMachines/jdk1.8.0_221.jdk/Contents/Home/jre/lib/resources.jar:/Library/Java/JavaVirtualMachines/jdk1.8.0_221.jdk/Contents/Home/jre/lib/rt.jar:/Library/Java/JavaVirtualMachines/jdk1.8.0_221.jdk/Contents/Home/lib/ant-javafx.jar:/Library/Java/JavaVirtualMachines/jdk1.8.0_221.jdk/Contents/Home/lib/dt.jar:/Library/Java/JavaVirtualMachines/jdk1.8.0_221.jdk/Contents/Home/lib/javafx-mx.jar:/Library/Java/JavaVirtualMachines/jdk1.8.0_221.jdk/Contents/Home/lib/jconsole.jar:/Library/Java/JavaVirtualMachines/jdk1.8.0_221.jdk/Contents/Home/lib/packager.jar:/Library/Java/JavaVirtualMachines/jdk1.8.0_221.jdk/Contents/Home/lib/sa-jdi.jar:/Library/Java/JavaVirtualMachines/jdk1.8.0_221.jdk/Contents/Home/lib/tools.jar:/Users/amadeus/Workspace/FlinkS3Sink/target/classes:/Users/amadeus/.m2/repository/org/apache/flink/flink-java/1.12.1/flink-java-1.12.1.jar:/Users/amadeus/.m2/repository/org/apache/flink/flink-core/1.12.1/flink-core-1.12.1.jar:/Users/amadeus/.m2/repository/org/apache/flink/flink-annotations/1.12.1/flink-annotations-1.12.1.jar:/Users/amadeus/.m2/repository/org/apache/flink/flink-metrics-core/1.12.1/flink-metrics-core-1.12.1.jar:/Users/amadeus/.m2/repository/org/apache/flink/flink-shaded-asm-7/7.1-12.0/flink-shaded-asm-7-7.1-12.0.jar:/Users/amadeus/.m2/repository/com/esotericsoftware/kryo/kryo/2.24.0/kryo-2.24.0.jar:/Users/amadeus/.m2/repository/com/esotericsoftware/minlog/minlog/1.2/minlog-1.2.jar:/Users/amadeus/.m2/repository/org/objenesis/objenesis/2.1/objenesis-2.1.jar:/Users/amadeus/.m2/repository/commons-collections/commons-collections/3.2.2/commons-collections-3.2.2.jar:/Users/amadeus/.m2/repository/org/apache/commons/commons-compress/1.20/commons-compress-1.20.jar:/Users/amadeus/.m2/repository/org/apache/commons/commons-lang3/3.3.2/commons-lang3-3.3.2.jar:/Users/amadeus/.m2/repository/org/apache/commons/commons-math3/3.5/commons-math3-3.5.jar:/Users/amadeus/.m2/repository/org/slf4j/slf4j-api/1.7.15/slf4j-api-1.7.15.jar:/Users/amadeus/.m2/repository/com/google/code/findbugs/jsr305/1.3.9/jsr305-1.3.9.jar:/Users/amadeus/.m2/repository/org/apache/flink/force-shading/1.12.1/force-shading-1.12.1.jar:/Users/amadeus/.m2/repository/org/apache/flink/flink-clients_2.12/1.12.1/flink-clients_2.12-1.12.1.jar:/Users/amadeus/.m2/repository/org/apache/flink/flink-runtime_2.12/1.12.1/flink-runtime_2.12-1.12.1.jar:/Users/amadeus/.m2/repository/org/apache/flink/flink-queryable-state-client-java/1.12.1/flink-queryable-state-client-java-1.12.1.jar:/Users/amadeus/.m2/repository/org/apache/flink/flink-hadoop-fs/1.12.1/flink-hadoop-fs-1.12.1.jar:/Users/amadeus/.m2/repository/commons-io/commons-io/2.7/commons-io-2.7.jar:/Users/amadeus/.m2/repository/org/apache/flink/flink-shaded-zookeeper-3/3.4.14-12.0/flink-shaded-zookeeper-3-3.4.14-12.0.jar:/Users/amadeus/.m2/repository/org/javassist/javassist/3.24.0-GA/javassist-3.24.0-GA.jar:/Users/amadeus/.m2/repository/com/typesafe/akka/akka-actor_2.12/2.5.21/akka-actor_2.12-2.5.21.jar:/Users/amadeus/.m2/repository/com/typesafe/config/1.3.3/config-1.3.3.jar:/Users/amadeus/.m2/repository/org/scala-lang/modules/scala-java8-compat_2.12/0.8.0/scala-java8-compat_2.12-0.8.0.jar:/Users/amadeus/.m2/repository/com/typesafe/akka/akka-stream_2.12/2.5.21/akka-stream_2.12-2.5.21.jar:/Users/amadeus/.m2/repository/org/reactivestreams/reactive-streams/1.0.2/reactive-streams-1.0.2.jar:/Users/amadeus/.m2/repository/com/typesafe/ssl-config-core_2.12/0.3.7/ssl-config-core_2.12-0.3.7.jar:/Users/amadeus/.m2/repository/org/scala-lang/modules/scala-parser-combinators_2.12/1.1.1/scala-parser-combinators_2.12-1.1.1.jar:/Users/amadeus/.m2/repository/com/typesafe/akka/akka-protobuf_2.12/2.5.21/akka-protobuf_2.12-2.5.21.jar:/Users/amadeus/.m2/repository/com/typesafe/akka/akka-slf4j_2.12/2.5.21/akka-slf4j_2.12-2.5.21.jar:/Users/amadeus/.m2/repository/org/clapper/grizzled-slf4j_2.12/1.3.2/grizzled-slf4j_2.12-1.3.2.jar:/Users/amadeus/.m2/repository/com/github/scopt/scopt_2.12/3.5.0/scopt_2.12-3.5.0.jar:/Users/amadeus/.m2/repository/org/xerial/snappy/snappy-java/1.1.4/snappy-java-1.1.4.jar:/Users/amadeus/.m2/repository/com/twitter/chill_2.12/0.7.6/chill_2.12-0.7.6.jar:/Users/amadeus/.m2/repository/com/twitter/chill-java/0.7.6/chill-java-0.7.6.jar:/Users/amadeus/.m2/repository/org/lz4/lz4-java/1.6.0/lz4-java-1.6.0.jar:/Users/amadeus/.m2/repository/org/apache/flink/flink-optimizer_2.12/1.12.1/flink-optimizer_2.12-1.12.1.jar:/Users/amadeus/.m2/repository/commons-cli/commons-cli/1.3.1/commons-cli-1.3.1.jar:/Users/amadeus/.m2/repository/org/apache/flink/flink-streaming-java_2.12/1.12.1/flink-streaming-java_2.12-1.12.1.jar:/Users/amadeus/.m2/repository/org/apache/flink/flink-file-sink-common/1.12.1/flink-file-sink-common-1.12.1.jar:/Users/amadeus/.m2/repository/org/apache/flink/flink-shaded-guava/18.0-12.0/flink-shaded-guava-18.0-12.0.jar:/Users/amadeus/.m2/repository/org/apache/flink/flink-streaming-scala_2.12/1.12.1/flink-streaming-scala_2.12-1.12.1.jar:/Users/amadeus/.m2/repository/org/apache/flink/flink-scala_2.12/1.12.1/flink-scala_2.12-1.12.1.jar:/Users/amadeus/.m2/repository/org/scala-lang/scala-reflect/2.12.7/scala-reflect-2.12.7.jar:/Users/amadeus/.m2/repository/org/scala-lang/scala-library/2.12.7/scala-library-2.12.7.jar:/Users/amadeus/.m2/repository/org/scala-lang/scala-compiler/2.12.7/scala-compiler-2.12.7.jar:/Users/amadeus/.m2/repository/org/scala-lang/modules/scala-xml_2.12/1.0.6/scala-xml_2.12-1.0.6.jar:/Users/amadeus/.m2/repository/org/apache/flink/flink-connector-filesystem_2.12/1.11.4/flink-connector-filesystem_2.12-1.11.4.jar:/Users/amadeus/.m2/repository/org/apache/flink/flink-shaded-netty/4.1.49.Final-12.0/flink-shaded-netty-4.1.49.Final-12.0.jar:/Users/amadeus/.m2/repository/org/apache/flink/flink-shaded-jackson/2.10.1-12.0/flink-shaded-jackson-2.10.1-12.0.jar:/Users/amadeus/.m2/repository/org/apache/flink/flink-s3-fs-hadoop/1.12.1/flink-s3-fs-hadoop-1.12.1.jar:/Users/amadeus/.m2/repository/com/amazonaws/aws-java-sdk-s3/1.12.1/aws-java-sdk-s3-1.12.1.jar:/Users/amadeus/.m2/repository/com/amazonaws/jmespath-java/1.12.1/jmespath-java-1.12.1.jar:/Users/amadeus/.m2/repository/com/amazonaws/aws-java-sdk-core/1.12.1/aws-java-sdk-core-1.12.1.jar:/Users/amadeus/.m2/repository/commons-logging/commons-logging/1.1.3/commons-logging-1.1.3.jar:/Users/amadeus/.m2/repository/commons-codec/commons-codec/1.15/commons-codec-1.15.jar:/Users/amadeus/.m2/repository/org/apache/httpcomponents/httpclient/4.5.13/httpclient-4.5.13.jar:/Users/amadeus/.m2/repository/org/apache/httpcomponents/httpcore/4.4.13/httpcore-4.4.13.jar:/Users/amadeus/.m2/repository/software/amazon/ion/ion-java/1.0.2/ion-java-1.0.2.jar:/Users/amadeus/.m2/repository/com/fasterxml/jackson/core/jackson-databind/2.12.3/jackson-databind-2.12.3.jar:/Users/amadeus/.m2/repository/com/fasterxml/jackson/core/jackson-annotations/2.12.3/jackson-annotations-2.12.3.jar:/Users/amadeus/.m2/repository/com/fasterxml/jackson/core/jackson-core/2.12.3/jackson-core-2.12.3.jar:/Users/amadeus/.m2/repository/com/fasterxml/jackson/dataformat/jackson-dataformat-cbor/2.12.3/jackson-dataformat-cbor-2.12.3.jar:/Users/amadeus/.m2/repository/joda-time/joda-time/2.8.1/joda-time-2.8.1.jar:/Users/amadeus/.m2/repository/com/amazonaws/aws-java-sdk-kms/1.12.1/aws-java-sdk-kms-1.12.1.jar FlinkS3Sink
SLF4J: Failed to load class "org.slf4j.impl.StaticLoggerBinder".
SLF4J: Defaulting to no-operation (NOP) logger implementation
SLF4J: See http://www.slf4j.org/codes.html#StaticLoggerBinder for further details.
Oct 18, 2021 7:10:31 PM org.apache.commons.beanutils.FluentPropertyBeanIntrospector introspect
INFO: Error when creating PropertyDescriptor for public final void org.apache.commons.configuration2.AbstractConfiguration.setProperty(java.lang.String,java.lang.Object)! Ignoring this property.
Oct 18, 2021 7:10:38 PM com.amazonaws.internal.InstanceMetadataServiceResourceFetcher handleException
WARNING: Fail to retrieve token
com.amazonaws.SdkClientException: Failed to connect to service endpoint:
	at com.amazonaws.internal.EC2ResourceFetcher.doReadResource(EC2ResourceFetcher.java:100)
	at com.amazonaws.internal.InstanceMetadataServiceResourceFetcher.getToken(InstanceMetadataServiceResourceFetcher.java:91)
	at com.amazonaws.internal.InstanceMetadataServiceResourceFetcher.readResource(InstanceMetadataServiceResourceFetcher.java:69)
	at com.amazonaws.internal.EC2ResourceFetcher.readResource(EC2ResourceFetcher.java:66)
	at com.amazonaws.auth.InstanceMetadataServiceCredentialsFetcher.getCredentialsEndpoint(InstanceMetadataServiceCredentialsFetcher.java:58)
	at com.amazonaws.auth.InstanceMetadataServiceCredentialsFetcher.getCredentialsResponse(InstanceMetadataServiceCredentialsFetcher.java:46)
	at com.amazonaws.auth.BaseCredentialsFetcher.fetchCredentials(BaseCredentialsFetcher.java:112)
	at com.amazonaws.auth.BaseCredentialsFetcher.getCredentials(BaseCredentialsFetcher.java:68)
	at com.amazonaws.auth.InstanceProfileCredentialsProvider.getCredentials(InstanceProfileCredentialsProvider.java:166)
	at org.apache.hadoop.fs.s3a.AWSCredentialProviderList.getCredentials(AWSCredentialProviderList.java:117)
	at com.amazonaws.http.AmazonHttpClient$RequestExecutor.getCredentialsFromContext(AmazonHttpClient.java:1257)
	at com.amazonaws.http.AmazonHttpClient$RequestExecutor.runBeforeRequestHandlers(AmazonHttpClient.java:833)
	at com.amazonaws.http.AmazonHttpClient$RequestExecutor.doExecute(AmazonHttpClient.java:783)
	at com.amazonaws.http.AmazonHttpClient$RequestExecutor.executeWithTimer(AmazonHttpClient.java:770)
	at com.amazonaws.http.AmazonHttpClient$RequestExecutor.execute(AmazonHttpClient.java:744)
	at com.amazonaws.http.AmazonHttpClient$RequestExecutor.access$500(AmazonHttpClient.java:704)
	at com.amazonaws.http.AmazonHttpClient$RequestExecutionBuilderImpl.execute(AmazonHttpClient.java:686)
	at com.amazonaws.http.AmazonHttpClient.execute(AmazonHttpClient.java:550)
	at com.amazonaws.http.AmazonHttpClient.execute(AmazonHttpClient.java:530)
	at com.amazonaws.services.s3.AmazonS3Client.invoke(AmazonS3Client.java:5062)
	at com.amazonaws.services.s3.AmazonS3Client.getBucketRegionViaHeadRequest(AmazonS3Client.java:5850)
	at com.amazonaws.services.s3.AmazonS3Client.fetchRegionFromCache(AmazonS3Client.java:5823)
	at com.amazonaws.services.s3.AmazonS3Client.invoke(AmazonS3Client.java:5046)
	at com.amazonaws.services.s3.AmazonS3Client.invoke(AmazonS3Client.java:5008)
	at com.amazonaws.services.s3.AmazonS3Client.headBucket(AmazonS3Client.java:1416)
	at com.amazonaws.services.s3.AmazonS3Client.doesBucketExist(AmazonS3Client.java:1352)
	at org.apache.hadoop.fs.s3a.S3AFileSystem.lambda$verifyBucketExists$1(S3AFileSystem.java:373)
	at org.apache.hadoop.fs.s3a.Invoker.once(Invoker.java:109)
	at org.apache.hadoop.fs.s3a.Invoker.lambda$retry$3(Invoker.java:260)
	at org.apache.hadoop.fs.s3a.Invoker.retryUntranslated(Invoker.java:317)
	at org.apache.hadoop.fs.s3a.Invoker.retry(Invoker.java:256)
	at org.apache.hadoop.fs.s3a.Invoker.retry(Invoker.java:231)
	at org.apache.hadoop.fs.s3a.S3AFileSystem.verifyBucketExists(S3AFileSystem.java:372)
	at org.apache.hadoop.fs.s3a.S3AFileSystem.initialize(S3AFileSystem.java:308)
	at org.apache.flink.fs.s3.common.AbstractS3FileSystemFactory.create(AbstractS3FileSystemFactory.java:123)
	at org.apache.flink.core.fs.FileSystem.getUnguardedFileSystem(FileSystem.java:507)
	at org.apache.flink.core.fs.FileSystem.get(FileSystem.java:408)
	at org.apache.flink.core.fs.Path.getFileSystem(Path.java:274)
	at org.apache.flink.api.common.io.FileOutputFormat.initializeGlobal(FileOutputFormat.java:288)
	at org.apache.flink.runtime.jobgraph.InputOutputFormatVertex.initializeOnMaster(InputOutputFormatVertex.java:110)
	at org.apache.flink.runtime.executiongraph.ExecutionGraphBuilder.buildGraph(ExecutionGraphBuilder.java:235)
	at org.apache.flink.runtime.scheduler.SchedulerBase.createExecutionGraph(SchedulerBase.java:318)
	at org.apache.flink.runtime.scheduler.SchedulerBase.createAndRestoreExecutionGraph(SchedulerBase.java:272)
	at org.apache.flink.runtime.scheduler.SchedulerBase.<init>(SchedulerBase.java:245)
	at org.apache.flink.runtime.scheduler.DefaultScheduler.<init>(DefaultScheduler.java:133)
	at org.apache.flink.runtime.scheduler.DefaultSchedulerFactory.createInstance(DefaultSchedulerFactory.java:111)
	at org.apache.flink.runtime.jobmaster.JobMaster.createScheduler(JobMaster.java:345)
	at org.apache.flink.runtime.jobmaster.JobMaster.<init>(JobMaster.java:330)
	at org.apache.flink.runtime.jobmaster.factories.DefaultJobMasterServiceFactory.createJobMasterService(DefaultJobMasterServiceFactory.java:95)
	at org.apache.flink.runtime.jobmaster.factories.DefaultJobMasterServiceFactory.createJobMasterService(DefaultJobMasterServiceFactory.java:39)
	at org.apache.flink.runtime.jobmaster.JobManagerRunnerImpl.<init>(JobManagerRunnerImpl.java:162)
	at org.apache.flink.runtime.dispatcher.DefaultJobManagerRunnerFactory.createJobManagerRunner(DefaultJobManagerRunnerFactory.java:86)
	at org.apache.flink.runtime.dispatcher.Dispatcher.lambda$createJobManagerRunner$5(Dispatcher.java:478)
	at java.util.concurrent.CompletableFuture$AsyncSupply.run(CompletableFuture.java:1590)
	at java.util.concurrent.ThreadPoolExecutor.runWorker(ThreadPoolExecutor.java:1149)
	at java.util.concurrent.ThreadPoolExecutor$Worker.run(ThreadPoolExecutor.java:624)
	at java.lang.Thread.run(Thread.java:748)
Caused by: java.net.ConnectException: Host is down (connect failed)
	at java.net.PlainSocketImpl.socketConnect(Native Method)
	at java.net.AbstractPlainSocketImpl.doConnect(AbstractPlainSocketImpl.java:350)
	at java.net.AbstractPlainSocketImpl.connectToAddress(AbstractPlainSocketImpl.java:206)
	at java.net.AbstractPlainSocketImpl.connect(AbstractPlainSocketImpl.java:188)
	at java.net.SocksSocketImpl.connect(SocksSocketImpl.java:392)
	at java.net.Socket.connect(Socket.java:589)
	at sun.net.NetworkClient.doConnect(NetworkClient.java:175)
	at sun.net.www.http.HttpClient.openServer(HttpClient.java:463)
	at sun.net.www.http.HttpClient.openServer(HttpClient.java:558)
	at sun.net.www.http.HttpClient.<init>(HttpClient.java:242)
	at sun.net.www.http.HttpClient.New(HttpClient.java:339)
	at sun.net.www.http.HttpClient.New(HttpClient.java:357)
	at sun.net.www.protocol.http.HttpURLConnection.getNewHttpClient(HttpURLConnection.java:1226)
	at sun.net.www.protocol.http.HttpURLConnection.plainConnect0(HttpURLConnection.java:1205)
	at sun.net.www.protocol.http.HttpURLConnection.plainConnect(HttpURLConnection.java:1056)
	at sun.net.www.protocol.http.HttpURLConnection.connect(HttpURLConnection.java:990)
	at com.amazonaws.internal.ConnectionUtils.connectToEndpoint(ConnectionUtils.java:52)
	at com.amazonaws.internal.EC2ResourceFetcher.doReadResource(EC2ResourceFetcher.java:80)
	... 56 more

Oct 18, 2021 7:10:38 PM com.amazonaws.internal.InstanceMetadataServiceResourceFetcher handleException
WARNING: Fail to retrieve token
com.amazonaws.SdkClientException: Failed to connect to service endpoint:
	at com.amazonaws.internal.EC2ResourceFetcher.doReadResource(EC2ResourceFetcher.java:100)
	at com.amazonaws.internal.InstanceMetadataServiceResourceFetcher.getToken(InstanceMetadataServiceResourceFetcher.java:91)
	at com.amazonaws.internal.InstanceMetadataServiceResourceFetcher.readResource(InstanceMetadataServiceResourceFetcher.java:69)
	at com.amazonaws.internal.EC2ResourceFetcher.readResource(EC2ResourceFetcher.java:66)
	at com.amazonaws.auth.InstanceMetadataServiceCredentialsFetcher.getCredentialsEndpoint(InstanceMetadataServiceCredentialsFetcher.java:58)
	at com.amazonaws.auth.InstanceMetadataServiceCredentialsFetcher.getCredentialsResponse(InstanceMetadataServiceCredentialsFetcher.java:46)
	at com.amazonaws.auth.BaseCredentialsFetcher.fetchCredentials(BaseCredentialsFetcher.java:112)
	at com.amazonaws.auth.BaseCredentialsFetcher.getCredentials(BaseCredentialsFetcher.java:68)
	at com.amazonaws.auth.InstanceProfileCredentialsProvider.getCredentials(InstanceProfileCredentialsProvider.java:166)
	at org.apache.hadoop.fs.s3a.AWSCredentialProviderList.getCredentials(AWSCredentialProviderList.java:117)
	at com.amazonaws.http.AmazonHttpClient$RequestExecutor.getCredentialsFromContext(AmazonHttpClient.java:1257)
	at com.amazonaws.http.AmazonHttpClient$RequestExecutor.runBeforeRequestHandlers(AmazonHttpClient.java:833)
	at com.amazonaws.http.AmazonHttpClient$RequestExecutor.doExecute(AmazonHttpClient.java:783)
	at com.amazonaws.http.AmazonHttpClient$RequestExecutor.executeWithTimer(AmazonHttpClient.java:770)
	at com.amazonaws.http.AmazonHttpClient$RequestExecutor.execute(AmazonHttpClient.java:744)
	at com.amazonaws.http.AmazonHttpClient$RequestExecutor.access$500(AmazonHttpClient.java:704)
	at com.amazonaws.http.AmazonHttpClient$RequestExecutionBuilderImpl.execute(AmazonHttpClient.java:686)
	at com.amazonaws.http.AmazonHttpClient.execute(AmazonHttpClient.java:550)
	at com.amazonaws.http.AmazonHttpClient.execute(AmazonHttpClient.java:530)
	at com.amazonaws.services.s3.AmazonS3Client.invoke(AmazonS3Client.java:5062)
	at com.amazonaws.services.s3.AmazonS3Client.getBucketRegionViaHeadRequest(AmazonS3Client.java:5850)
	at com.amazonaws.services.s3.AmazonS3Client.fetchRegionFromCache(AmazonS3Client.java:5823)
	at com.amazonaws.services.s3.AmazonS3Client.invoke(AmazonS3Client.java:5046)
	at com.amazonaws.services.s3.AmazonS3Client.invoke(AmazonS3Client.java:5008)
	at com.amazonaws.services.s3.AmazonS3Client.headBucket(AmazonS3Client.java:1416)
	at com.amazonaws.services.s3.AmazonS3Client.doesBucketExist(AmazonS3Client.java:1352)
	at org.apache.hadoop.fs.s3a.S3AFileSystem.lambda$verifyBucketExists$1(S3AFileSystem.java:373)
	at org.apache.hadoop.fs.s3a.Invoker.once(Invoker.java:109)
	at org.apache.hadoop.fs.s3a.Invoker.lambda$retry$3(Invoker.java:260)
	at org.apache.hadoop.fs.s3a.Invoker.retryUntranslated(Invoker.java:317)
	at org.apache.hadoop.fs.s3a.Invoker.retry(Invoker.java:256)
	at org.apache.hadoop.fs.s3a.Invoker.retry(Invoker.java:231)
	at org.apache.hadoop.fs.s3a.S3AFileSystem.verifyBucketExists(S3AFileSystem.java:372)
	at org.apache.hadoop.fs.s3a.S3AFileSystem.initialize(S3AFileSystem.java:308)
	at org.apache.flink.fs.s3.common.AbstractS3FileSystemFactory.create(AbstractS3FileSystemFactory.java:123)
	at org.apache.flink.core.fs.FileSystem.getUnguardedFileSystem(FileSystem.java:507)
	at org.apache.flink.core.fs.FileSystem.get(FileSystem.java:408)
	at org.apache.flink.core.fs.Path.getFileSystem(Path.java:274)
	at org.apache.flink.api.common.io.FileOutputFormat.initializeGlobal(FileOutputFormat.java:288)
	at org.apache.flink.runtime.jobgraph.InputOutputFormatVertex.initializeOnMaster(InputOutputFormatVertex.java:110)
	at org.apache.flink.runtime.executiongraph.ExecutionGraphBuilder.buildGraph(ExecutionGraphBuilder.java:235)
	at org.apache.flink.runtime.scheduler.SchedulerBase.createExecutionGraph(SchedulerBase.java:318)
	at org.apache.flink.runtime.scheduler.SchedulerBase.createAndRestoreExecutionGraph(SchedulerBase.java:272)
	at org.apache.flink.runtime.scheduler.SchedulerBase.<init>(SchedulerBase.java:245)
	at org.apache.flink.runtime.scheduler.DefaultScheduler.<init>(DefaultScheduler.java:133)
	at org.apache.flink.runtime.scheduler.DefaultSchedulerFactory.createInstance(DefaultSchedulerFactory.java:111)
	at org.apache.flink.runtime.jobmaster.JobMaster.createScheduler(JobMaster.java:345)
	at org.apache.flink.runtime.jobmaster.JobMaster.<init>(JobMaster.java:330)
	at org.apache.flink.runtime.jobmaster.factories.DefaultJobMasterServiceFactory.createJobMasterService(DefaultJobMasterServiceFactory.java:95)
	at org.apache.flink.runtime.jobmaster.factories.DefaultJobMasterServiceFactory.createJobMasterService(DefaultJobMasterServiceFactory.java:39)
	at org.apache.flink.runtime.jobmaster.JobManagerRunnerImpl.<init>(JobManagerRunnerImpl.java:162)
	at org.apache.flink.runtime.dispatcher.DefaultJobManagerRunnerFactory.createJobManagerRunner(DefaultJobManagerRunnerFactory.java:86)
	at org.apache.flink.runtime.dispatcher.Dispatcher.lambda$createJobManagerRunner$5(Dispatcher.java:478)
	at java.util.concurrent.CompletableFuture$AsyncSupply.run(CompletableFuture.java:1590)
	at java.util.concurrent.ThreadPoolExecutor.runWorker(ThreadPoolExecutor.java:1149)
	at java.util.concurrent.ThreadPoolExecutor$Worker.run(ThreadPoolExecutor.java:624)
	at java.lang.Thread.run(Thread.java:748)
Caused by: java.net.ConnectException: Host is down (connect failed)
	at java.net.PlainSocketImpl.socketConnect(Native Method)
	at java.net.AbstractPlainSocketImpl.doConnect(AbstractPlainSocketImpl.java:350)
	at java.net.AbstractPlainSocketImpl.connectToAddress(AbstractPlainSocketImpl.java:206)
	at java.net.AbstractPlainSocketImpl.connect(AbstractPlainSocketImpl.java:188)
	at java.net.SocksSocketImpl.connect(SocksSocketImpl.java:392)
	at java.net.Socket.connect(Socket.java:589)
	at sun.net.NetworkClient.doConnect(NetworkClient.java:175)
	at sun.net.www.http.HttpClient.openServer(HttpClient.java:463)
	at sun.net.www.http.HttpClient.openServer(HttpClient.java:558)
	at sun.net.www.http.HttpClient.<init>(HttpClient.java:242)
	at sun.net.www.http.HttpClient.New(HttpClient.java:339)
	at sun.net.www.http.HttpClient.New(HttpClient.java:357)
	at sun.net.www.protocol.http.HttpURLConnection.getNewHttpClient(HttpURLConnection.java:1226)
	at sun.net.www.protocol.http.HttpURLConnection.plainConnect0(HttpURLConnection.java:1205)
	at sun.net.www.protocol.http.HttpURLConnection.plainConnect(HttpURLConnection.java:1056)
	at sun.net.www.protocol.http.HttpURLConnection.connect(HttpURLConnection.java:990)
	at com.amazonaws.internal.ConnectionUtils.connectToEndpoint(ConnectionUtils.java:52)
	at com.amazonaws.internal.EC2ResourceFetcher.doReadResource(EC2ResourceFetcher.java:80)
	... 56 more


Process finished with exit code 130 (interrupted by signal 2: SIGINT)
